Thu 08 Sep 2022 12:39:58 INFO  
General Hyper Parameters:
gpu_id = 0
use_gpu = True
seed = 212
state = INFO
reproducibility = True
data_path = D:\papers\Decoupled Side Information Fusion for Sequential Recommendatoin\DIF-SR-main\DIF-SR-main\recbole\config\../dataset_example/ml-100k
show_progress = True
save_dataset = False
save_dataloaders = False
benchmark_filename = None

Training Hyper Parameters:
checkpoint_dir = saved
epochs = 50
train_batch_size = 256
learner = adam
learning_rate = 0.0001
eval_step = 2
stopping_step = 10
clip_grad_norm = None
weight_decay = 0.0
loss_decimal_place = 4

Evaluation Hyper Parameters:
eval_args = {'split': {'LS': 'valid_and_test'}, 'group_by': 'user', 'order': 'TO', 'mode': 'full'}
metrics = ['Recall', 'NDCG']
topk = [3, 5, 10, 20]
valid_metric = Recall@20
valid_metric_bigger = True
eval_batch_size = 256
metric_decimal_place = 4

Dataset Hyper Parameters:
field_separator = 	
seq_separator =  
USER_ID_FIELD = user_id
ITEM_ID_FIELD = item_id
RATING_FIELD = rating
TIME_FIELD = timestamp
seq_len = None
LABEL_FIELD = label
threshold = None
NEG_PREFIX = neg_
load_col = {'inter': ['user_id', 'item_id', 'rating', 'timestamp'], 'item': ['item_id', 'movie_title', 'release_year', 'class']}
unload_col = None
unused_col = None
additional_feat_suffix = None
rm_dup_inter = first
val_interval = None
filter_inter_by_user_or_item = True
user_inter_num_interval = [5,inf)
item_inter_num_interval = [5,inf)
alias_of_user_id = None
alias_of_item_id = None
alias_of_entity_id = None
alias_of_relation_id = None
preload_weight = None
normalize_field = None
normalize_all = True
ITEM_LIST_LENGTH_FIELD = item_length
LIST_SUFFIX = _list
MAX_ITEM_LIST_LENGTH = 50
POSITION_FIELD = position_id
HEAD_ENTITY_ID_FIELD = head_id
TAIL_ENTITY_ID_FIELD = tail_id
RELATION_ID_FIELD = relation_id
ENTITY_ID_FIELD = entity_id

Other Hyper Parameters: 
neg_sampling = None
multi_gpus = False
repeatable = True
embedding_size = 256
short_item_length = 2
n_layers = 4
n_heads = 8
attribute_hidden_size = [64]
inner_size = 256
hidden_dropout_prob = 0.5
attn_dropout_prob = 0.3
hidden_act = gelu
layer_norm_eps = 1e-12
initializer_range = 0.02
selected_features = ['class']
pooling_mode = sum
loss_type = CE
weight_sharing = not
fusion_type = gate
lamdas = [10]
attribute_predictor = linear
step = 1
reg_weight = [0.01, 0.0001]
MODEL_TYPE = ModelType.SEQUENTIAL
hidden_size = 256
MODEL_INPUT_TYPE = InputType.POINTWISE
eval_type = EvaluatorType.RANKING
device = cuda
train_neg_sample_args = {'strategy': 'none'}
eval_neg_sample_args = {'strategy': 'full', 'distribution': 'uniform'}


Thu 08 Sep 2022 12:39:59 INFO  Records in original dataset have been sorted by value of [timestamp] in ascending order.
Thu 08 Sep 2022 12:39:59 INFO  ml-100k
The number of users: 944
Average actions of users: 105.28844114528101
The number of items: 1350
Average actions of items: 73.6004447739066
The number of inters: 99287
The sparsity of the dataset: 92.20911801632141%
Remain Fields: ['user_id', 'item_id', 'rating', 'timestamp', 'movie_title', 'release_year', 'class']
Thu 08 Sep 2022 12:40:00 INFO  [Training]: train_batch_size = [256] negative sampling: [None]
Thu 08 Sep 2022 12:40:00 INFO  [Evaluation]: eval_batch_size = [256] eval_args: [{'split': {'LS': 'valid_and_test'}, 'group_by': 'user', 'order': 'TO', 'mode': 'full'}]
Thu 08 Sep 2022 12:40:02 INFO  SHAN2(
  (feature_embed_layer_list): ModuleList(
    (0): FeatureSeqEmbLayer()
  )
  (trm_encoder): DIFTransformerEncoder(
    (layer): ModuleList(
      (0): DIFTransformerLayer(
        (multi_head_attention): DIFMultiHeadAttention(
          (query): Linear(in_features=256, out_features=256, bias=True)
          (key): Linear(in_features=256, out_features=256, bias=True)
          (value): Linear(in_features=256, out_features=256, bias=True)
          (query_p): Linear(in_features=256, out_features=256, bias=True)
          (key_p): Linear(in_features=256, out_features=256, bias=True)
          (query_layers): ModuleList(
            (0): Linear(in_features=64, out_features=64, bias=True)
          )
          (key_layers): ModuleList(
            (0): Linear(in_features=64, out_features=64, bias=True)
          )
          (fusion_layer): VanillaAttention(
            (projection): Sequential(
              (0): Linear(in_features=50, out_features=50, bias=True)
              (1): ReLU(inplace=True)
              (2): Linear(in_features=50, out_features=1, bias=True)
            )
          )
          (attn_dropout): Dropout(p=0.3, inplace=False)
          (dense): Linear(in_features=256, out_features=256, bias=True)
          (LayerNorm): LayerNorm((256,), eps=1e-12, elementwise_affine=True)
          (out_dropout): Dropout(p=0.5, inplace=False)
        )
        (feed_forward): FeedForward(
          (dense_1): Linear(in_features=256, out_features=256, bias=True)
          (dense_2): Linear(in_features=256, out_features=256, bias=True)
          (LayerNorm): LayerNorm((256,), eps=1e-12, elementwise_affine=True)
          (dropout): Dropout(p=0.5, inplace=False)
        )
      )
      (1): DIFTransformerLayer(
        (multi_head_attention): DIFMultiHeadAttention(
          (query): Linear(in_features=256, out_features=256, bias=True)
          (key): Linear(in_features=256, out_features=256, bias=True)
          (value): Linear(in_features=256, out_features=256, bias=True)
          (query_p): Linear(in_features=256, out_features=256, bias=True)
          (key_p): Linear(in_features=256, out_features=256, bias=True)
          (query_layers): ModuleList(
            (0): Linear(in_features=64, out_features=64, bias=True)
          )
          (key_layers): ModuleList(
            (0): Linear(in_features=64, out_features=64, bias=True)
          )
          (fusion_layer): VanillaAttention(
            (projection): Sequential(
              (0): Linear(in_features=50, out_features=50, bias=True)
              (1): ReLU(inplace=True)
              (2): Linear(in_features=50, out_features=1, bias=True)
            )
          )
          (attn_dropout): Dropout(p=0.3, inplace=False)
          (dense): Linear(in_features=256, out_features=256, bias=True)
          (LayerNorm): LayerNorm((256,), eps=1e-12, elementwise_affine=True)
          (out_dropout): Dropout(p=0.5, inplace=False)
        )
        (feed_forward): FeedForward(
          (dense_1): Linear(in_features=256, out_features=256, bias=True)
          (dense_2): Linear(in_features=256, out_features=256, bias=True)
          (LayerNorm): LayerNorm((256,), eps=1e-12, elementwise_affine=True)
          (dropout): Dropout(p=0.5, inplace=False)
        )
      )
      (2): DIFTransformerLayer(
        (multi_head_attention): DIFMultiHeadAttention(
          (query): Linear(in_features=256, out_features=256, bias=True)
          (key): Linear(in_features=256, out_features=256, bias=True)
          (value): Linear(in_features=256, out_features=256, bias=True)
          (query_p): Linear(in_features=256, out_features=256, bias=True)
          (key_p): Linear(in_features=256, out_features=256, bias=True)
          (query_layers): ModuleList(
            (0): Linear(in_features=64, out_features=64, bias=True)
          )
          (key_layers): ModuleList(
            (0): Linear(in_features=64, out_features=64, bias=True)
          )
          (fusion_layer): VanillaAttention(
            (projection): Sequential(
              (0): Linear(in_features=50, out_features=50, bias=True)
              (1): ReLU(inplace=True)
              (2): Linear(in_features=50, out_features=1, bias=True)
            )
          )
          (attn_dropout): Dropout(p=0.3, inplace=False)
          (dense): Linear(in_features=256, out_features=256, bias=True)
          (LayerNorm): LayerNorm((256,), eps=1e-12, elementwise_affine=True)
          (out_dropout): Dropout(p=0.5, inplace=False)
        )
        (feed_forward): FeedForward(
          (dense_1): Linear(in_features=256, out_features=256, bias=True)
          (dense_2): Linear(in_features=256, out_features=256, bias=True)
          (LayerNorm): LayerNorm((256,), eps=1e-12, elementwise_affine=True)
          (dropout): Dropout(p=0.5, inplace=False)
        )
      )
      (3): DIFTransformerLayer(
        (multi_head_attention): DIFMultiHeadAttention(
          (query): Linear(in_features=256, out_features=256, bias=True)
          (key): Linear(in_features=256, out_features=256, bias=True)
          (value): Linear(in_features=256, out_features=256, bias=True)
          (query_p): Linear(in_features=256, out_features=256, bias=True)
          (key_p): Linear(in_features=256, out_features=256, bias=True)
          (query_layers): ModuleList(
            (0): Linear(in_features=64, out_features=64, bias=True)
          )
          (key_layers): ModuleList(
            (0): Linear(in_features=64, out_features=64, bias=True)
          )
          (fusion_layer): VanillaAttention(
            (projection): Sequential(
              (0): Linear(in_features=50, out_features=50, bias=True)
              (1): ReLU(inplace=True)
              (2): Linear(in_features=50, out_features=1, bias=True)
            )
          )
          (attn_dropout): Dropout(p=0.3, inplace=False)
          (dense): Linear(in_features=256, out_features=256, bias=True)
          (LayerNorm): LayerNorm((256,), eps=1e-12, elementwise_affine=True)
          (out_dropout): Dropout(p=0.5, inplace=False)
        )
        (feed_forward): FeedForward(
          (dense_1): Linear(in_features=256, out_features=256, bias=True)
          (dense_2): Linear(in_features=256, out_features=256, bias=True)
          (LayerNorm): LayerNorm((256,), eps=1e-12, elementwise_affine=True)
          (dropout): Dropout(p=0.5, inplace=False)
        )
      )
    )
  )
  (ap): ModuleList(
    (0): Linear(in_features=256, out_features=20, bias=True)
  )
  (item_embedding): Embedding(1350, 256, padding_idx=0)
  (user_embedding): Embedding(944, 256)
  (position_embedding): Embedding(50, 256)
  (user_embedding_linear): Linear(in_features=256, out_features=256, bias=False)
  (item_embedding_linear): Linear(in_features=256, out_features=256, bias=False)
  (sigmoid): Sigmoid()
  (long_w): Linear(in_features=256, out_features=256, bias=False)
  (long_short_w): Linear(in_features=256, out_features=256, bias=True)
  (relu): ReLU()
  (LayerNorm): LayerNorm((256,), eps=1e-12, elementwise_affine=True)
  (dropout): Dropout(p=0.5, inplace=False)
  (loss_fct): CrossEntropyLoss()
  (attribute_loss_fct): BCEWithLogitsLoss()
)
Trainable parameters: 3021240
Thu 08 Sep 2022 12:41:08 INFO  epoch 0 training [time: 66.00s, train loss: 3867.6219]
Thu 08 Sep 2022 12:42:14 INFO  epoch 1 training [time: 66.32s, train loss: 3633.1572]
Thu 08 Sep 2022 12:42:15 INFO  epoch 1 evaluating [time: 0.21s, valid_score: 0.125100]
Thu 08 Sep 2022 12:42:15 INFO  valid result: 
recall@3 : 0.0233    recall@5 : 0.0392    recall@10 : 0.07    recall@20 : 0.1251    ndcg@3 : 0.0172    ndcg@5 : 0.0236    ndcg@10 : 0.0335    ndcg@20 : 0.0472    
Thu 08 Sep 2022 12:42:15 INFO  Saving current best: saved\SHAN2-Sep-08-2022_12-40-02.pth
Thu 08 Sep 2022 12:43:22 INFO  epoch 2 training [time: 66.96s, train loss: 3462.0940]
Thu 08 Sep 2022 12:44:29 INFO  epoch 3 training [time: 67.34s, train loss: 3354.9427]
Thu 08 Sep 2022 12:44:29 INFO  epoch 3 evaluating [time: 0.20s, valid_score: 0.195100]
Thu 08 Sep 2022 12:44:29 INFO  valid result: 
recall@3 : 0.0414    recall@5 : 0.0615    recall@10 : 0.1092    recall@20 : 0.1951    ndcg@3 : 0.0304    ndcg@5 : 0.0387    ndcg@10 : 0.0537    ndcg@20 : 0.0753    
Thu 08 Sep 2022 12:44:30 INFO  Saving current best: saved\SHAN2-Sep-08-2022_12-40-02.pth
Thu 08 Sep 2022 12:45:37 INFO  epoch 4 training [time: 67.56s, train loss: 3299.6522]
Thu 08 Sep 2022 12:46:45 INFO  epoch 5 training [time: 67.74s, train loss: 3266.3566]
Thu 08 Sep 2022 12:46:45 INFO  epoch 5 evaluating [time: 0.22s, valid_score: 0.208900]
Thu 08 Sep 2022 12:46:45 INFO  valid result: 
recall@3 : 0.0403    recall@5 : 0.0615    recall@10 : 0.1092    recall@20 : 0.2089    ndcg@3 : 0.0276    ndcg@5 : 0.0364    ndcg@10 : 0.0516    ndcg@20 : 0.0766    
Thu 08 Sep 2022 12:46:46 INFO  Saving current best: saved\SHAN2-Sep-08-2022_12-40-02.pth
Thu 08 Sep 2022 12:47:53 INFO  epoch 6 training [time: 67.59s, train loss: 3241.0391]
Thu 08 Sep 2022 12:49:01 INFO  epoch 7 training [time: 68.03s, train loss: 3220.4486]
Thu 08 Sep 2022 12:49:01 INFO  epoch 7 evaluating [time: 0.21s, valid_score: 0.207800]
Thu 08 Sep 2022 12:49:01 INFO  valid result: 
recall@3 : 0.0329    recall@5 : 0.0657    recall@10 : 0.1294    recall@20 : 0.2078    ndcg@3 : 0.0256    ndcg@5 : 0.0392    ndcg@10 : 0.0594    ndcg@20 : 0.0794    
Thu 08 Sep 2022 12:50:09 INFO  epoch 8 training [time: 67.85s, train loss: 3204.4332]
Thu 08 Sep 2022 12:51:17 INFO  epoch 9 training [time: 67.77s, train loss: 3189.4313]
Thu 08 Sep 2022 12:51:17 INFO  epoch 9 evaluating [time: 0.22s, valid_score: 0.228000]
Thu 08 Sep 2022 12:51:17 INFO  valid result: 
recall@3 : 0.0371    recall@5 : 0.0689    recall@10 : 0.1368    recall@20 : 0.228    ndcg@3 : 0.0264    ndcg@5 : 0.0394    ndcg@10 : 0.0608    ndcg@20 : 0.0833    
Thu 08 Sep 2022 12:51:18 INFO  Saving current best: saved\SHAN2-Sep-08-2022_12-40-02.pth
