Thu 08 Sep 2022 13:44:17 INFO  
General Hyper Parameters:
gpu_id = 0
use_gpu = True
seed = 212
state = INFO
reproducibility = True
data_path = D:\papers\Decoupled Side Information Fusion for Sequential Recommendatoin\DIF-SR-main\DIF-SR-main\recbole\config\../dataset_example/ml-100k
show_progress = True
save_dataset = False
save_dataloaders = False
benchmark_filename = None

Training Hyper Parameters:
checkpoint_dir = saved
epochs = 50
train_batch_size = 256
learner = adam
learning_rate = 0.0001
eval_step = 2
stopping_step = 10
clip_grad_norm = None
weight_decay = 0.0
loss_decimal_place = 4

Evaluation Hyper Parameters:
eval_args = {'split': {'LS': 'valid_and_test'}, 'group_by': 'user', 'order': 'TO', 'mode': 'full'}
metrics = ['Recall', 'NDCG']
topk = [3, 5, 10, 20]
valid_metric = Recall@20
valid_metric_bigger = True
eval_batch_size = 256
metric_decimal_place = 4

Dataset Hyper Parameters:
field_separator = 	
seq_separator =  
USER_ID_FIELD = user_id
ITEM_ID_FIELD = item_id
RATING_FIELD = rating
TIME_FIELD = timestamp
seq_len = None
LABEL_FIELD = label
threshold = None
NEG_PREFIX = neg_
load_col = {'inter': ['user_id', 'item_id', 'rating', 'timestamp'], 'item': ['item_id', 'movie_title', 'release_year', 'class']}
unload_col = None
unused_col = None
additional_feat_suffix = None
rm_dup_inter = first
val_interval = None
filter_inter_by_user_or_item = True
user_inter_num_interval = [5,inf)
item_inter_num_interval = [5,inf)
alias_of_user_id = None
alias_of_item_id = None
alias_of_entity_id = None
alias_of_relation_id = None
preload_weight = None
normalize_field = None
normalize_all = True
ITEM_LIST_LENGTH_FIELD = item_length
LIST_SUFFIX = _list
MAX_ITEM_LIST_LENGTH = 50
POSITION_FIELD = position_id
HEAD_ENTITY_ID_FIELD = head_id
TAIL_ENTITY_ID_FIELD = tail_id
RELATION_ID_FIELD = relation_id
ENTITY_ID_FIELD = entity_id

Other Hyper Parameters: 
neg_sampling = None
multi_gpus = False
repeatable = True
embedding_size = 256
short_item_length = 2
n_layers = 4
n_heads = 8
attribute_hidden_size = [64]
inner_size = 256
hidden_dropout_prob = 0.5
attn_dropout_prob = 0.3
hidden_act = gelu
layer_norm_eps = 1e-12
initializer_range = 0.02
selected_features = ['class']
pooling_mode = sum
loss_type = CE
weight_sharing = not
fusion_type = gate
lamdas = [10]
attribute_predictor = linear
step = 1
reg_weight = [0.01, 0.0001]
MODEL_TYPE = ModelType.SEQUENTIAL
hidden_size = 256
MODEL_INPUT_TYPE = InputType.POINTWISE
eval_type = EvaluatorType.RANKING
device = cuda
train_neg_sample_args = {'strategy': 'none'}
eval_neg_sample_args = {'strategy': 'full', 'distribution': 'uniform'}


Thu 08 Sep 2022 13:44:17 INFO  Records in original dataset have been sorted by value of [timestamp] in ascending order.
Thu 08 Sep 2022 13:44:17 INFO  ml-100k
The number of users: 944
Average actions of users: 105.28844114528101
The number of items: 1350
Average actions of items: 73.6004447739066
The number of inters: 99287
The sparsity of the dataset: 92.20911801632141%
Remain Fields: ['user_id', 'item_id', 'rating', 'timestamp', 'movie_title', 'release_year', 'class']
Thu 08 Sep 2022 13:44:19 INFO  [Training]: train_batch_size = [256] negative sampling: [None]
Thu 08 Sep 2022 13:44:19 INFO  [Evaluation]: eval_batch_size = [256] eval_args: [{'split': {'LS': 'valid_and_test'}, 'group_by': 'user', 'order': 'TO', 'mode': 'full'}]
Thu 08 Sep 2022 13:44:21 INFO  SHAN2(
  (feature_embed_layer_list): ModuleList(
    (0): FeatureSeqEmbLayer()
  )
  (trm_encoder): DIFTransformerEncoder(
    (layer): ModuleList(
      (0): DIFTransformerLayer(
        (multi_head_attention): DIFMultiHeadAttention(
          (query): Linear(in_features=256, out_features=256, bias=True)
          (key): Linear(in_features=256, out_features=256, bias=True)
          (value): Linear(in_features=256, out_features=256, bias=True)
          (query_p): Linear(in_features=256, out_features=256, bias=True)
          (key_p): Linear(in_features=256, out_features=256, bias=True)
          (query_layers): ModuleList(
            (0): Linear(in_features=64, out_features=64, bias=True)
          )
          (key_layers): ModuleList(
            (0): Linear(in_features=64, out_features=64, bias=True)
          )
          (fusion_layer): VanillaAttention(
            (projection): Sequential(
              (0): Linear(in_features=50, out_features=50, bias=True)
              (1): ReLU(inplace=True)
              (2): Linear(in_features=50, out_features=1, bias=True)
            )
          )
          (attn_dropout): Dropout(p=0.3, inplace=False)
          (dense): Linear(in_features=256, out_features=256, bias=True)
          (LayerNorm): LayerNorm((256,), eps=1e-12, elementwise_affine=True)
          (out_dropout): Dropout(p=0.5, inplace=False)
        )
        (feed_forward): FeedForward(
          (dense_1): Linear(in_features=256, out_features=256, bias=True)
          (dense_2): Linear(in_features=256, out_features=256, bias=True)
          (LayerNorm): LayerNorm((256,), eps=1e-12, elementwise_affine=True)
          (dropout): Dropout(p=0.5, inplace=False)
        )
      )
      (1): DIFTransformerLayer(
        (multi_head_attention): DIFMultiHeadAttention(
          (query): Linear(in_features=256, out_features=256, bias=True)
          (key): Linear(in_features=256, out_features=256, bias=True)
          (value): Linear(in_features=256, out_features=256, bias=True)
          (query_p): Linear(in_features=256, out_features=256, bias=True)
          (key_p): Linear(in_features=256, out_features=256, bias=True)
          (query_layers): ModuleList(
            (0): Linear(in_features=64, out_features=64, bias=True)
          )
          (key_layers): ModuleList(
            (0): Linear(in_features=64, out_features=64, bias=True)
          )
          (fusion_layer): VanillaAttention(
            (projection): Sequential(
              (0): Linear(in_features=50, out_features=50, bias=True)
              (1): ReLU(inplace=True)
              (2): Linear(in_features=50, out_features=1, bias=True)
            )
          )
          (attn_dropout): Dropout(p=0.3, inplace=False)
          (dense): Linear(in_features=256, out_features=256, bias=True)
          (LayerNorm): LayerNorm((256,), eps=1e-12, elementwise_affine=True)
          (out_dropout): Dropout(p=0.5, inplace=False)
        )
        (feed_forward): FeedForward(
          (dense_1): Linear(in_features=256, out_features=256, bias=True)
          (dense_2): Linear(in_features=256, out_features=256, bias=True)
          (LayerNorm): LayerNorm((256,), eps=1e-12, elementwise_affine=True)
          (dropout): Dropout(p=0.5, inplace=False)
        )
      )
      (2): DIFTransformerLayer(
        (multi_head_attention): DIFMultiHeadAttention(
          (query): Linear(in_features=256, out_features=256, bias=True)
          (key): Linear(in_features=256, out_features=256, bias=True)
          (value): Linear(in_features=256, out_features=256, bias=True)
          (query_p): Linear(in_features=256, out_features=256, bias=True)
          (key_p): Linear(in_features=256, out_features=256, bias=True)
          (query_layers): ModuleList(
            (0): Linear(in_features=64, out_features=64, bias=True)
          )
          (key_layers): ModuleList(
            (0): Linear(in_features=64, out_features=64, bias=True)
          )
          (fusion_layer): VanillaAttention(
            (projection): Sequential(
              (0): Linear(in_features=50, out_features=50, bias=True)
              (1): ReLU(inplace=True)
              (2): Linear(in_features=50, out_features=1, bias=True)
            )
          )
          (attn_dropout): Dropout(p=0.3, inplace=False)
          (dense): Linear(in_features=256, out_features=256, bias=True)
          (LayerNorm): LayerNorm((256,), eps=1e-12, elementwise_affine=True)
          (out_dropout): Dropout(p=0.5, inplace=False)
        )
        (feed_forward): FeedForward(
          (dense_1): Linear(in_features=256, out_features=256, bias=True)
          (dense_2): Linear(in_features=256, out_features=256, bias=True)
          (LayerNorm): LayerNorm((256,), eps=1e-12, elementwise_affine=True)
          (dropout): Dropout(p=0.5, inplace=False)
        )
      )
      (3): DIFTransformerLayer(
        (multi_head_attention): DIFMultiHeadAttention(
          (query): Linear(in_features=256, out_features=256, bias=True)
          (key): Linear(in_features=256, out_features=256, bias=True)
          (value): Linear(in_features=256, out_features=256, bias=True)
          (query_p): Linear(in_features=256, out_features=256, bias=True)
          (key_p): Linear(in_features=256, out_features=256, bias=True)
          (query_layers): ModuleList(
            (0): Linear(in_features=64, out_features=64, bias=True)
          )
          (key_layers): ModuleList(
            (0): Linear(in_features=64, out_features=64, bias=True)
          )
          (fusion_layer): VanillaAttention(
            (projection): Sequential(
              (0): Linear(in_features=50, out_features=50, bias=True)
              (1): ReLU(inplace=True)
              (2): Linear(in_features=50, out_features=1, bias=True)
            )
          )
          (attn_dropout): Dropout(p=0.3, inplace=False)
          (dense): Linear(in_features=256, out_features=256, bias=True)
          (LayerNorm): LayerNorm((256,), eps=1e-12, elementwise_affine=True)
          (out_dropout): Dropout(p=0.5, inplace=False)
        )
        (feed_forward): FeedForward(
          (dense_1): Linear(in_features=256, out_features=256, bias=True)
          (dense_2): Linear(in_features=256, out_features=256, bias=True)
          (LayerNorm): LayerNorm((256,), eps=1e-12, elementwise_affine=True)
          (dropout): Dropout(p=0.5, inplace=False)
        )
      )
    )
  )
  (ap): ModuleList(
    (0): Linear(in_features=256, out_features=20, bias=True)
  )
  (item_embedding): Embedding(1350, 256, padding_idx=0)
  (user_embedding): Embedding(944, 256)
  (position_embedding): Embedding(50, 256)
  (user_embedding_linear): Linear(in_features=256, out_features=256, bias=False)
  (item_embedding_linear): Linear(in_features=256, out_features=256, bias=False)
  (sigmoid): Sigmoid()
  (long_w): Linear(in_features=256, out_features=256, bias=False)
  (long_short_w): Linear(in_features=256, out_features=256, bias=True)
  (relu): ReLU()
  (LayerNorm): LayerNorm((256,), eps=1e-12, elementwise_affine=True)
  (dropout): Dropout(p=0.5, inplace=False)
  (loss_fct): CrossEntropyLoss()
  (attribute_loss_fct): BCEWithLogitsLoss()
)
Trainable parameters: 3021240
Thu 08 Sep 2022 13:45:28 INFO  epoch 0 training [time: 67.24s, train loss: 3868.6736]
Thu 08 Sep 2022 13:46:35 INFO  epoch 1 training [time: 67.53s, train loss: 3633.8669]
Thu 08 Sep 2022 13:46:36 INFO  epoch 1 evaluating [time: 0.21s, valid_score: 0.126200]
Thu 08 Sep 2022 13:46:36 INFO  valid result: 
recall@3 : 0.0223    recall@5 : 0.0361    recall@10 : 0.071    recall@20 : 0.1262    ndcg@3 : 0.0161    ndcg@5 : 0.0218    ndcg@10 : 0.0331    ndcg@20 : 0.0469    
Thu 08 Sep 2022 13:46:36 INFO  Saving current best: saved\SHAN2-Sep-08-2022_13-44-21.pth
Thu 08 Sep 2022 13:47:44 INFO  epoch 2 training [time: 68.05s, train loss: 3464.2427]
Thu 08 Sep 2022 13:48:53 INFO  epoch 3 training [time: 68.72s, train loss: 3356.2975]
Thu 08 Sep 2022 13:48:53 INFO  epoch 3 evaluating [time: 0.21s, valid_score: 0.196200]
Thu 08 Sep 2022 13:48:53 INFO  valid result: 
recall@3 : 0.0414    recall@5 : 0.0615    recall@10 : 0.1092    recall@20 : 0.1962    ndcg@3 : 0.031    ndcg@5 : 0.0393    ndcg@10 : 0.0541    ndcg@20 : 0.0761    
Thu 08 Sep 2022 13:48:53 INFO  Saving current best: saved\SHAN2-Sep-08-2022_13-44-21.pth
Thu 08 Sep 2022 13:50:02 INFO  epoch 4 training [time: 68.65s, train loss: 3300.9712]
Thu 08 Sep 2022 13:51:11 INFO  epoch 5 training [time: 69.09s, train loss: 3267.7239]
Thu 08 Sep 2022 13:51:11 INFO  epoch 5 evaluating [time: 0.21s, valid_score: 0.204700]
Thu 08 Sep 2022 13:51:11 INFO  valid result: 
recall@3 : 0.0382    recall@5 : 0.0626    recall@10 : 0.1113    recall@20 : 0.2047    ndcg@3 : 0.0271    ndcg@5 : 0.0374    ndcg@10 : 0.0527    ndcg@20 : 0.0761    
Thu 08 Sep 2022 13:51:12 INFO  Saving current best: saved\SHAN2-Sep-08-2022_13-44-21.pth
Thu 08 Sep 2022 13:52:21 INFO  epoch 6 training [time: 69.34s, train loss: 3242.6377]
Thu 08 Sep 2022 13:53:31 INFO  epoch 7 training [time: 69.92s, train loss: 3222.1236]
Thu 08 Sep 2022 13:53:31 INFO  epoch 7 evaluating [time: 0.22s, valid_score: 0.208900]
Thu 08 Sep 2022 13:53:31 INFO  valid result: 
recall@3 : 0.0371    recall@5 : 0.0679    recall@10 : 0.1304    recall@20 : 0.2089    ndcg@3 : 0.0266    ndcg@5 : 0.0393    ndcg@10 : 0.0589    ndcg@20 : 0.0789    
Thu 08 Sep 2022 13:53:32 INFO  Saving current best: saved\SHAN2-Sep-08-2022_13-44-21.pth
Thu 08 Sep 2022 13:54:42 INFO  epoch 8 training [time: 70.58s, train loss: 3206.1306]
Thu 08 Sep 2022 13:55:52 INFO  epoch 9 training [time: 69.53s, train loss: 3191.1883]
Thu 08 Sep 2022 13:55:52 INFO  epoch 9 evaluating [time: 0.22s, valid_score: 0.222700]
Thu 08 Sep 2022 13:55:52 INFO  valid result: 
recall@3 : 0.0424    recall@5 : 0.0679    recall@10 : 0.1304    recall@20 : 0.2227    ndcg@3 : 0.0303    ndcg@5 : 0.0407    ndcg@10 : 0.0604    ndcg@20 : 0.0832    
Thu 08 Sep 2022 13:55:52 INFO  Saving current best: saved\SHAN2-Sep-08-2022_13-44-21.pth
Thu 08 Sep 2022 13:57:02 INFO  epoch 10 training [time: 69.97s, train loss: 3179.1841]
Thu 08 Sep 2022 13:58:12 INFO  epoch 11 training [time: 69.41s, train loss: 3168.6505]
Thu 08 Sep 2022 13:58:12 INFO  epoch 11 evaluating [time: 0.21s, valid_score: 0.220600]
Thu 08 Sep 2022 13:58:12 INFO  valid result: 
recall@3 : 0.0361    recall@5 : 0.071    recall@10 : 0.122    recall@20 : 0.2206    ndcg@3 : 0.0258    ndcg@5 : 0.04    ndcg@10 : 0.0563    ndcg@20 : 0.0811    
Thu 08 Sep 2022 13:59:22 INFO  epoch 12 training [time: 69.77s, train loss: 3157.7886]
Thu 08 Sep 2022 14:00:31 INFO  epoch 13 training [time: 69.54s, train loss: 3147.0839]
Thu 08 Sep 2022 14:00:31 INFO  epoch 13 evaluating [time: 0.22s, valid_score: 0.229100]
Thu 08 Sep 2022 14:00:31 INFO  valid result: 
recall@3 : 0.0445    recall@5 : 0.071    recall@10 : 0.1262    recall@20 : 0.2291    ndcg@3 : 0.0306    ndcg@5 : 0.0413    ndcg@10 : 0.059    ndcg@20 : 0.0849    
Thu 08 Sep 2022 14:00:32 INFO  Saving current best: saved\SHAN2-Sep-08-2022_13-44-21.pth
Thu 08 Sep 2022 14:01:42 INFO  epoch 14 training [time: 70.68s, train loss: 3137.9975]
Thu 08 Sep 2022 14:02:53 INFO  epoch 15 training [time: 70.06s, train loss: 3128.9711]
Thu 08 Sep 2022 14:02:53 INFO  epoch 15 evaluating [time: 0.22s, valid_score: 0.228000]
Thu 08 Sep 2022 14:02:53 INFO  valid result: 
recall@3 : 0.052    recall@5 : 0.0679    recall@10 : 0.1326    recall@20 : 0.228    ndcg@3 : 0.0349    ndcg@5 : 0.0415    ndcg@10 : 0.0621    ndcg@20 : 0.086    
Thu 08 Sep 2022 14:04:03 INFO  epoch 16 training [time: 69.87s, train loss: 3120.6620]
Thu 08 Sep 2022 14:05:13 INFO  epoch 17 training [time: 69.92s, train loss: 3111.8230]
Thu 08 Sep 2022 14:05:13 INFO  epoch 17 evaluating [time: 0.21s, valid_score: 0.218500]
Thu 08 Sep 2022 14:05:13 INFO  valid result: 
recall@3 : 0.0414    recall@5 : 0.0721    recall@10 : 0.1357    recall@20 : 0.2185    ndcg@3 : 0.0261    ndcg@5 : 0.0387    ndcg@10 : 0.0595    ndcg@20 : 0.0802    
Thu 08 Sep 2022 14:06:23 INFO  epoch 18 training [time: 70.67s, train loss: 3103.1668]
Thu 08 Sep 2022 14:07:33 INFO  epoch 19 training [time: 69.99s, train loss: 3095.9848]
Thu 08 Sep 2022 14:07:34 INFO  epoch 19 evaluating [time: 0.21s, valid_score: 0.220600]
Thu 08 Sep 2022 14:07:34 INFO  valid result: 
recall@3 : 0.0382    recall@5 : 0.0753    recall@10 : 0.1326    recall@20 : 0.2206    ndcg@3 : 0.0265    ndcg@5 : 0.0418    ndcg@10 : 0.06    ndcg@20 : 0.0819    
Thu 08 Sep 2022 14:08:44 INFO  epoch 20 training [time: 69.95s, train loss: 3088.2541]
Thu 08 Sep 2022 14:09:54 INFO  epoch 21 training [time: 69.93s, train loss: 3081.1452]
Thu 08 Sep 2022 14:09:54 INFO  epoch 21 evaluating [time: 0.22s, valid_score: 0.234400]
Thu 08 Sep 2022 14:09:54 INFO  valid result: 
recall@3 : 0.0498    recall@5 : 0.0774    recall@10 : 0.1326    recall@20 : 0.2344    ndcg@3 : 0.0329    ndcg@5 : 0.0444    ndcg@10 : 0.0619    ndcg@20 : 0.0877    
Thu 08 Sep 2022 14:09:54 INFO  Saving current best: saved\SHAN2-Sep-08-2022_13-44-21.pth
Thu 08 Sep 2022 14:11:04 INFO  epoch 22 training [time: 70.22s, train loss: 3072.3440]
Thu 08 Sep 2022 14:12:15 INFO  epoch 23 training [time: 70.05s, train loss: 3065.3430]
Thu 08 Sep 2022 14:12:15 INFO  epoch 23 evaluating [time: 0.21s, valid_score: 0.230100]
Thu 08 Sep 2022 14:12:15 INFO  valid result: 
recall@3 : 0.0456    recall@5 : 0.0774    recall@10 : 0.1379    recall@20 : 0.2301    ndcg@3 : 0.0297    ndcg@5 : 0.0426    ndcg@10 : 0.0621    ndcg@20 : 0.0854    
Thu 08 Sep 2022 14:13:25 INFO  epoch 24 training [time: 70.40s, train loss: 3057.3126]
Thu 08 Sep 2022 14:14:34 INFO  epoch 25 training [time: 69.11s, train loss: 3050.0777]
Thu 08 Sep 2022 14:14:34 INFO  epoch 25 evaluating [time: 0.21s, valid_score: 0.226900]
Thu 08 Sep 2022 14:14:34 INFO  valid result: 
recall@3 : 0.0329    recall@5 : 0.0721    recall@10 : 0.1357    recall@20 : 0.2269    ndcg@3 : 0.0234    ndcg@5 : 0.0398    ndcg@10 : 0.06    ndcg@20 : 0.0829    
Thu 08 Sep 2022 14:15:44 INFO  epoch 26 training [time: 69.34s, train loss: 3043.3372]
Thu 08 Sep 2022 14:16:54 INFO  epoch 27 training [time: 70.37s, train loss: 3036.3383]
Thu 08 Sep 2022 14:16:54 INFO  epoch 27 evaluating [time: 0.22s, valid_score: 0.234400]
Thu 08 Sep 2022 14:16:54 INFO  valid result: 
recall@3 : 0.0382    recall@5 : 0.0764    recall@10 : 0.1432    recall@20 : 0.2344    ndcg@3 : 0.0266    ndcg@5 : 0.0423    ndcg@10 : 0.0637    ndcg@20 : 0.0865    
Thu 08 Sep 2022 14:18:06 INFO  epoch 28 training [time: 71.41s, train loss: 3028.5822]
Thu 08 Sep 2022 14:19:16 INFO  epoch 29 training [time: 70.37s, train loss: 3020.6590]
Thu 08 Sep 2022 14:19:16 INFO  epoch 29 evaluating [time: 0.21s, valid_score: 0.229100]
Thu 08 Sep 2022 14:19:16 INFO  valid result: 
recall@3 : 0.0403    recall@5 : 0.0795    recall@10 : 0.14    recall@20 : 0.2291    ndcg@3 : 0.0279    ndcg@5 : 0.044    ndcg@10 : 0.0637    ndcg@20 : 0.0859    
Thu 08 Sep 2022 14:20:27 INFO  epoch 30 training [time: 70.48s, train loss: 3013.3473]
Thu 08 Sep 2022 14:21:37 INFO  epoch 31 training [time: 70.17s, train loss: 3007.0087]
Thu 08 Sep 2022 14:21:37 INFO  epoch 31 evaluating [time: 0.22s, valid_score: 0.229100]
Thu 08 Sep 2022 14:21:37 INFO  valid result: 
recall@3 : 0.0371    recall@5 : 0.0764    recall@10 : 0.1368    recall@20 : 0.2291    ndcg@3 : 0.0266    ndcg@5 : 0.0428    ndcg@10 : 0.0623    ndcg@20 : 0.0857    
Thu 08 Sep 2022 14:22:47 INFO  epoch 32 training [time: 70.24s, train loss: 2999.6812]
Thu 08 Sep 2022 14:23:57 INFO  epoch 33 training [time: 69.32s, train loss: 2992.2386]
Thu 08 Sep 2022 14:23:57 INFO  epoch 33 evaluating [time: 0.22s, valid_score: 0.245000]
Thu 08 Sep 2022 14:23:57 INFO  valid result: 
recall@3 : 0.0467    recall@5 : 0.0827    recall@10 : 0.1442    recall@20 : 0.245    ndcg@3 : 0.0324    ndcg@5 : 0.0472    ndcg@10 : 0.0672    ndcg@20 : 0.0924    
Thu 08 Sep 2022 14:23:57 INFO  Saving current best: saved\SHAN2-Sep-08-2022_13-44-21.pth
Thu 08 Sep 2022 14:25:08 INFO  epoch 34 training [time: 70.69s, train loss: 2984.2836]
Thu 08 Sep 2022 14:26:19 INFO  epoch 35 training [time: 70.79s, train loss: 2977.3819]
Thu 08 Sep 2022 14:26:19 INFO  epoch 35 evaluating [time: 0.21s, valid_score: 0.234400]
Thu 08 Sep 2022 14:26:19 INFO  valid result: 
recall@3 : 0.0445    recall@5 : 0.0785    recall@10 : 0.1368    recall@20 : 0.2344    ndcg@3 : 0.0297    ndcg@5 : 0.0434    ndcg@10 : 0.0618    ndcg@20 : 0.0863    
Thu 08 Sep 2022 14:27:29 INFO  epoch 36 training [time: 69.46s, train loss: 2968.5834]
Thu 08 Sep 2022 14:28:38 INFO  epoch 37 training [time: 69.55s, train loss: 2962.1767]
Thu 08 Sep 2022 14:28:38 INFO  epoch 37 evaluating [time: 0.21s, valid_score: 0.231200]
Thu 08 Sep 2022 14:28:38 INFO  valid result: 
recall@3 : 0.0467    recall@5 : 0.0785    recall@10 : 0.1347    recall@20 : 0.2312    ndcg@3 : 0.032    ndcg@5 : 0.0452    ndcg@10 : 0.0634    ndcg@20 : 0.0876    
Thu 08 Sep 2022 14:29:48 INFO  epoch 38 training [time: 70.02s, train loss: 2954.9624]
Thu 08 Sep 2022 14:30:58 INFO  epoch 39 training [time: 69.64s, train loss: 2946.2382]
Thu 08 Sep 2022 14:30:58 INFO  epoch 39 evaluating [time: 0.21s, valid_score: 0.228000]
Thu 08 Sep 2022 14:30:58 INFO  valid result: 
recall@3 : 0.0498    recall@5 : 0.0859    recall@10 : 0.1379    recall@20 : 0.228    ndcg@3 : 0.0347    ndcg@5 : 0.0495    ndcg@10 : 0.0663    ndcg@20 : 0.0889    
Thu 08 Sep 2022 14:32:08 INFO  epoch 40 training [time: 69.89s, train loss: 2940.5866]
Thu 08 Sep 2022 14:33:17 INFO  epoch 41 training [time: 69.03s, train loss: 2931.6644]
Thu 08 Sep 2022 14:33:17 INFO  epoch 41 evaluating [time: 0.20s, valid_score: 0.231200]
Thu 08 Sep 2022 14:33:17 INFO  valid result: 
recall@3 : 0.0414    recall@5 : 0.0891    recall@10 : 0.141    recall@20 : 0.2312    ndcg@3 : 0.0292    ndcg@5 : 0.049    ndcg@10 : 0.0654    ndcg@20 : 0.0878    
Thu 08 Sep 2022 14:34:28 INFO  epoch 42 training [time: 70.44s, train loss: 2923.7863]
Thu 08 Sep 2022 14:35:37 INFO  epoch 43 training [time: 69.05s, train loss: 2915.6286]
Thu 08 Sep 2022 14:35:37 INFO  epoch 43 evaluating [time: 0.22s, valid_score: 0.246000]
Thu 08 Sep 2022 14:35:37 INFO  valid result: 
recall@3 : 0.0541    recall@5 : 0.0923    recall@10 : 0.1442    recall@20 : 0.246    ndcg@3 : 0.0335    ndcg@5 : 0.049    ndcg@10 : 0.0654    ndcg@20 : 0.0909    
Thu 08 Sep 2022 14:35:37 INFO  Saving current best: saved\SHAN2-Sep-08-2022_13-44-21.pth
Thu 08 Sep 2022 14:36:47 INFO  epoch 44 training [time: 69.15s, train loss: 2908.6071]
Thu 08 Sep 2022 14:37:56 INFO  epoch 45 training [time: 69.00s, train loss: 2901.1674]
Thu 08 Sep 2022 14:37:56 INFO  epoch 45 evaluating [time: 0.20s, valid_score: 0.218500]
Thu 08 Sep 2022 14:37:56 INFO  valid result: 
recall@3 : 0.0498    recall@5 : 0.088    recall@10 : 0.14    recall@20 : 0.2185    ndcg@3 : 0.033    ndcg@5 : 0.0485    ndcg@10 : 0.0652    ndcg@20 : 0.0848    
Thu 08 Sep 2022 14:39:05 INFO  epoch 46 training [time: 69.42s, train loss: 2894.7391]
Thu 08 Sep 2022 14:40:15 INFO  epoch 47 training [time: 70.09s, train loss: 2885.6440]
Thu 08 Sep 2022 14:40:15 INFO  epoch 47 evaluating [time: 0.21s, valid_score: 0.233300]
Thu 08 Sep 2022 14:40:15 INFO  valid result: 
recall@3 : 0.0668    recall@5 : 0.0933    recall@10 : 0.141    recall@20 : 0.2333    ndcg@3 : 0.0455    ndcg@5 : 0.0563    ndcg@10 : 0.0714    ndcg@20 : 0.0946    
Thu 08 Sep 2022 14:41:25 INFO  epoch 48 training [time: 69.79s, train loss: 2877.7099]
Thu 08 Sep 2022 14:42:34 INFO  epoch 49 training [time: 69.07s, train loss: 2871.5162]
Thu 08 Sep 2022 14:42:35 INFO  epoch 49 evaluating [time: 0.22s, valid_score: 0.220600]
Thu 08 Sep 2022 14:42:35 INFO  valid result: 
recall@3 : 0.0562    recall@5 : 0.0774    recall@10 : 0.1347    recall@20 : 0.2206    ndcg@3 : 0.0387    ndcg@5 : 0.0476    ndcg@10 : 0.0664    ndcg@20 : 0.0879    
Thu 08 Sep 2022 14:42:35 INFO  Loading model structure and parameters from saved\SHAN2-Sep-08-2022_13-44-21.pth
Thu 08 Sep 2022 14:42:35 INFO  best valid : {'recall@3': 0.0541, 'recall@5': 0.0923, 'recall@10': 0.1442, 'recall@20': 0.246, 'ndcg@3': 0.0335, 'ndcg@5': 0.049, 'ndcg@10': 0.0654, 'ndcg@20': 0.0909}
Thu 08 Sep 2022 14:42:35 INFO  test result: {'recall@3': 0.0403, 'recall@5': 0.0626, 'recall@10': 0.105, 'recall@20': 0.1909, 'ndcg@3': 0.0282, 'ndcg@5': 0.0373, 'ndcg@10': 0.0508, 'ndcg@20': 0.0719}
